<?xml version="1.0" encoding="utf-8"?><testsuites><testsuite name="pytest" errors="1" failures="0" skipped="0" tests="1" time="4.836" timestamp="2025-01-10T18:10:40.107664+01:00" hostname="LSC-KISPEST25"><testcase classname="" name="git.DMC-gamestore.tests.test_gamestore_game" time="0.000"><error message="collection failure">..\..\.venv\Lib\site-packages\starlette\testclient.py:33: in &lt;module&gt;
    import httpx
E   ModuleNotFoundError: No module named 'httpx'

During handling of the above exception, another exception occurred:
tests\test_gamestore_game.py:3: in &lt;module&gt;
    from fastapi.testclient import TestClient
..\..\.venv\Lib\site-packages\fastapi\testclient.py:1: in &lt;module&gt;
    from starlette.testclient import TestClient as TestClient  # noqa
..\..\.venv\Lib\site-packages\starlette\testclient.py:35: in &lt;module&gt;
    raise RuntimeError(
E   RuntimeError: The starlette.testclient module requires the httpx package to be installed.
E   You can install this with:
E       $ pip install httpx</error></testcase></testsuite></testsuites>